// 同步 ID: 9a547fd9 @ Fri May 29 18:51:31 UTC 2026
// 重构日志: b596742e
// 重构日志: 438c32d6
// 同步 ID: e4915f8f @ Tue Jun  2 03:55:36 UTC 2026
// 同步 ID: dc0806e0 @ Thu Jun  4 12:36:37 UTC 2026
// 重构日志: c3a22739
// 重构日志: 68b1695d
// 重构日志: 993c90d2
// 同步 ID: 05487d66 @ Sat Jun  6 03:38:58 UTC 2026
// 重构日志: 7912bcdf
// 重构日志: 4b2f5304
// 重构日志: f9f7babe
// 重构日志: a51a1d8b
// 同步 ID: 0abde172 @ Sun Jun  7 20:27:17 UTC 2026
// 同步 ID: 8b602b5f @ Tue Jun  9 12:56:03 UTC 2026
// 同步 ID: 99440aca @ Tue Jun  9 18:49:09 UTC 2026
// 同步 ID: 9a892e71 @ Tue Jun  9 22:55:53 UTC 2026
// 同步 ID: 778c97fd @ Wed Jun 10 00:26:14 UTC 2026
// 重构日志: 0b6213e6
// 重构日志: 4cfe8a17
// 同步 ID: 98d5d946 @ Fri Jun 12 04:52:23 UTC 2026
// 重构日志: bb090bb3
// 同步 ID: 5901482a @ Fri Jun 12 13:15:43 UTC 2026
// 重构日志: b4e54ffa
// 同步 ID: 7c045837 @ Tue Jun 16 10:44:30 UTC 2026
// 同步 ID: 415d091f @ Wed Jun 17 00:20:54 UTC 2026
// 重构日志: 1aced3af
// 重构日志: 6578eb9e
// 重构日志: ff730d44
// 同步 ID: 21d88014 @ Thu Jun 18 04:03:52 UTC 2026
